11 i 0 C GET p _o63:0 s 2 z 43 
11.150175 i 2 S MOD p _o63:0 m 11.15017544 n 61.150175439999998 
11.201091 i 0 C GET p _o63:1 s 2 z 43 
11.201091 i 0 C GET p _o63:2 s 2 z 43 
11.251164 i 2 S MOD p _o63:1 m 11.251163679999999 n 111.0 
11.352557 i 2 S MOD p _o63:2 m 11.352556719999999 n 111.0 
11.403877 i 0 C RCV p _o63:1 s 2 l 0.2027860799999992 z 5000 
11.507438 i 0 C RCV p _o63:2 s 2 l 0.30634768000000001 z 5000 
11.507438 i 0 C RCV p _o63:0 s 2 l 0.50743831999999855 z 5000 
21 i 0 C GET p _o63:0 s 2 z 43 
21.100988 i 0 C GET p _o63:1 s 2 z 43 
21.100988 i 0 C GET p _o63:2 s 2 z 43 
21.303774 i 0 C RCV p _o63:1 s 2 l 0.20278608000000276 z 5000 
21.407336 i 0 C RCV p _o63:2 s 2 l 0.30634768000000534 z 5000 
21.407336 i 0 C RCV p _o63:0 s 2 l 0.4073359200000084 z 5000 
31 i 0 C GET p _o63:0 s 2 z 43 
31.100988 i 0 C GET p _o63:1 s 2 z 43 
31.100988 i 0 C GET p _o63:2 s 2 z 43 
31.303774 i 0 C RCV p _o63:1 s 2 l 0.20278608000000276 z 5000 
31.407336 i 0 C RCV p _o63:2 s 2 l 0.30634768000000534 z 5000 
31.407336 i 0 C RCV p _o63:0 s 2 l 0.4073359200000084 z 5000 
41 i 0 C GET p _o63:0 s 2 z 43 
41.100988 i 0 C GET p _o63:1 s 2 z 43 
41.100988 i 0 C GET p _o63:2 s 2 z 43 
41.303774 i 0 C RCV p _o63:1 s 2 l 0.20278608000000986 z 5000 
41.407336 i 0 C RCV p _o63:2 s 2 l 0.30634768000000889 z 5000 
41.407336 i 0 C RCV p _o63:0 s 2 l 0.4073359200000084 z 5000 
51 i 0 C GET p _o63:0 s 2 z 43 
51.100988 i 0 C GET p _o63:1 s 2 z 43 
51.100988 i 0 C GET p _o63:2 s 2 z 43 
51.303774 i 0 C RCV p _o63:1 s 2 l 0.20278608000000986 z 5000 
51.407336 i 0 C RCV p _o63:2 s 2 l 0.30634768000000889 z 5000 
51.407336 i 0 C RCV p _o63:0 s 2 l 0.4073359200000084 z 5000 
61 i 0 C GET p _o63:0 s 2 z 43 
61.100988 i 0 C GET p _o63:1 s 2 z 43 
61.100988 i 0 C GET p _o63:2 s 2 z 43 
61.150175 i 2 S MOD p _o63:0 m 61.150175439999998 n 111.15017544 
61.303774 i 0 C RCV p _o63:1 s 2 l 0.20278608000000986 z 5000 
61.407336 i 0 C RCV p _o63:2 s 2 l 0.30634768000000889 z 5000 
61.407336 i 0 C RCV p _o63:0 s 2 l 0.4073359200000084 z 5000 
71 i 0 C GET p _o63:0 s 2 z 43 
71.100988 i 0 C GET p _o63:1 s 2 z 43 
71.100988 i 0 C GET p _o63:2 s 2 z 43 
71.303774 i 0 C RCV p _o63:1 s 2 l 0.20278608000000986 z 5000 
71.407336 i 0 C RCV p _o63:2 s 2 l 0.30634768000000179 z 5000 
71.407336 i 0 C RCV p _o63:0 s 2 l 0.40733591999999419 z 5000 
81 i 0 C GET p _o63:0 s 2 z 43 
81.100988 i 0 C GET p _o63:1 s 2 z 43 
81.100988 i 0 C GET p _o63:2 s 2 z 43 
81.303774 i 0 C RCV p _o63:1 s 2 l 0.20278608000000986 z 5000 
81.407336 i 0 C RCV p _o63:2 s 2 l 0.30634768000000179 z 5000 
81.407336 i 0 C RCV p _o63:0 s 2 l 0.40733591999999419 z 5000 
91 i 0 C GET p _o63:0 s 2 z 43 
91.100988 i 0 C GET p _o63:1 s 2 z 43 
91.100988 i 0 C GET p _o63:2 s 2 z 43 
91.303774 i 0 C RCV p _o63:1 s 2 l 0.20278608000000986 z 5000 
91.407336 i 0 C RCV p _o63:2 s 2 l 0.30634768000000179 z 5000 
91.407336 i 0 C RCV p _o63:0 s 2 l 0.40733591999999419 z 5000 
101 i 0 C GET p _o63:0 s 2 z 43 
101.100988 i 0 C GET p _o63:1 s 2 z 43 
101.100988 i 0 C GET p _o63:2 s 2 z 43 
101.303774 i 0 C RCV p _o63:1 s 2 l 0.20278608000000986 z 5000 
101.407336 i 0 C RCV p _o63:2 s 2 l 0.30634768000000179 z 5000 
101.407336 i 0 C RCV p _o63:0 s 2 l 0.40733591999999419 z 5000 
111 i 2 S MOD p _o63:1 m 111 n 211 
111 i 2 S MOD p _o63:2 m 111 n 211 
111 i 0 C GET p _o63:0 s 2 z 43 
111.100988 i 0 C GET p _o63:1 s 2 z 43 
111.100988 i 0 C GET p _o63:2 s 2 z 43 
111.150175 i 2 S MOD p _o63:0 m 111.15017544 n 161.15017544 
111.303774 i 0 C RCV p _o63:1 s 2 l 0.20278608000000986 z 5000 
111.407336 i 0 C RCV p _o63:2 s 2 l 0.30634768000000179 z 5000 
111.407336 i 0 C RCV p _o63:0 s 2 l 0.40733591999999419 z 5000 
121 i 0 C GET p _o63:0 s 2 z 43 
121.100988 i 0 C GET p _o63:1 s 2 z 43 
121.100988 i 0 C GET p _o63:2 s 2 z 43 
121.303774 i 0 C RCV p _o63:1 s 2 l 0.20278608000000986 z 5000 
121.407336 i 0 C RCV p _o63:2 s 2 l 0.30634768000000179 z 5000 
121.407336 i 0 C RCV p _o63:0 s 2 l 0.40733591999999419 z 5000 
131 i 0 C GET p _o63:0 s 2 z 43 
131.100988 i 0 C GET p _o63:1 s 2 z 43 
131.100988 i 0 C GET p _o63:2 s 2 z 43 
131.303774 i 0 C RCV p _o63:1 s 2 l 0.20278607999989617 z 5000 
131.407336 i 0 C RCV p _o63:2 s 2 l 0.30634767999993073 z 5000 
131.407336 i 0 C RCV p _o63:0 s 2 l 0.40733591999992314 z 5000 
141 i 0 C GET p _o63:0 s 2 z 43 
141.100988 i 0 C GET p _o63:1 s 2 z 43 
141.100988 i 0 C GET p _o63:2 s 2 z 43 
141.303774 i 0 C RCV p _o63:1 s 2 l 0.20278607999989617 z 5000 
141.407336 i 0 C RCV p _o63:2 s 2 l 0.30634767999993073 z 5000 
141.407336 i 0 C RCV p _o63:0 s 2 l 0.40733591999992314 z 5000 
151 i 0 C GET p _o63:0 s 2 z 43 
151.100988 i 0 C GET p _o63:1 s 2 z 43 
151.100988 i 0 C GET p _o63:2 s 2 z 43 
151.303774 i 0 C RCV p _o63:1 s 2 l 0.20278607999989617 z 5000 
151.407336 i 0 C RCV p _o63:2 s 2 l 0.30634767999993073 z 5000 
151.407336 i 0 C RCV p _o63:0 s 2 l 0.40733591999992314 z 5000 
161 i 0 C GET p _o63:0 s 2 z 43 
161.100988 i 0 C GET p _o63:1 s 2 z 43 
161.100988 i 0 C GET p _o63:2 s 2 z 43 
161.150175 i 2 S MOD p _o63:0 m 161.15017544 n 211.15017544 
161.303774 i 0 C RCV p _o63:1 s 2 l 0.20278607999989617 z 5000 
161.407336 i 0 C RCV p _o63:2 s 2 l 0.30634767999993073 z 5000 
161.407336 i 0 C RCV p _o63:0 s 2 l 0.40733591999992314 z 5000 
171 i 0 C GET p _o63:0 s 2 z 43 
171.100988 i 0 C GET p _o63:1 s 2 z 43 
171.100988 i 0 C GET p _o63:2 s 2 z 43 
171.303774 i 0 C RCV p _o63:1 s 2 l 0.20278607999989617 z 5000 
171.407336 i 0 C RCV p _o63:2 s 2 l 0.30634767999993073 z 5000 
171.407336 i 0 C RCV p _o63:0 s 2 l 0.40733591999992314 z 5000 
181 i 0 C GET p _o63:0 s 2 z 43 
181.100988 i 0 C GET p _o63:1 s 2 z 43 
181.100988 i 0 C GET p _o63:2 s 2 z 43 
181.303774 i 0 C RCV p _o63:1 s 2 l 0.20278607999989617 z 5000 
181.407336 i 0 C RCV p _o63:2 s 2 l 0.30634767999993073 z 5000 
181.407336 i 0 C RCV p _o63:0 s 2 l 0.40733591999992314 z 5000 
191 i 0 C GET p _o63:0 s 2 z 43 
191.100988 i 0 C GET p _o63:1 s 2 z 43 
191.100988 i 0 C GET p _o63:2 s 2 z 43 
191.303774 i 0 C RCV p _o63:1 s 2 l 0.20278607999989617 z 5000 
191.407336 i 0 C RCV p _o63:2 s 2 l 0.30634767999993073 z 5000 
191.407336 i 0 C RCV p _o63:0 s 2 l 0.40733591999992314 z 5000 
201 i 0 C GET p _o63:0 s 2 z 43 
201.100988 i 0 C GET p _o63:1 s 2 z 43 
201.100988 i 0 C GET p _o63:2 s 2 z 43 
201.303774 i 0 C RCV p _o63:1 s 2 l 0.20278607999989617 z 5000 
201.407336 i 0 C RCV p _o63:2 s 2 l 0.30634767999993073 z 5000 
201.407336 i 0 C RCV p _o63:0 s 2 l 0.40733591999992314 z 5000 
211 i 2 S MOD p _o63:1 m 211 n 311 
211 i 2 S MOD p _o63:2 m 211 n 311 
211 i 0 C GET p _o63:0 s 2 z 43 
211.100988 i 0 C GET p _o63:1 s 2 z 43 
211.100988 i 0 C GET p _o63:2 s 2 z 43 
211.150175 i 2 S MOD p _o63:0 m 211.15017544 n 261.15017544 
211.303774 i 0 C RCV p _o63:1 s 2 l 0.20278607999989617 z 5000 
211.407336 i 0 C RCV p _o63:2 s 2 l 0.30634767999993073 z 5000 
211.407336 i 0 C RCV p _o63:0 s 2 l 0.40733591999992314 z 5000 
221 i 0 C GET p _o63:0 s 2 z 43 
221.100988 i 0 C GET p _o63:1 s 2 z 43 
221.100988 i 0 C GET p _o63:2 s 2 z 43 
221.303774 i 0 C RCV p _o63:1 s 2 l 0.20278607999989617 z 5000 
221.407336 i 0 C RCV p _o63:2 s 2 l 0.30634767999993073 z 5000 
221.407336 i 0 C RCV p _o63:0 s 2 l 0.40733591999992314 z 5000 
231 i 0 C GET p _o63:0 s 2 z 43 
231.100988 i 0 C GET p _o63:1 s 2 z 43 
231.100988 i 0 C GET p _o63:2 s 2 z 43 
231.303774 i 0 C RCV p _o63:1 s 2 l 0.20278607999989617 z 5000 
231.407336 i 0 C RCV p _o63:2 s 2 l 0.30634767999993073 z 5000 
231.407336 i 0 C RCV p _o63:0 s 2 l 0.40733591999992314 z 5000 
241 i 0 C GET p _o63:0 s 2 z 43 
241.100988 i 0 C GET p _o63:1 s 2 z 43 
241.100988 i 0 C GET p _o63:2 s 2 z 43 
241.303774 i 0 C RCV p _o63:1 s 2 l 0.20278607999989617 z 5000 
241.407336 i 0 C RCV p _o63:2 s 2 l 0.30634767999993073 z 5000 
241.407336 i 0 C RCV p _o63:0 s 2 l 0.40733591999992314 z 5000 
251 i 0 C GET p _o63:0 s 2 z 43 
251.100988 i 0 C GET p _o63:1 s 2 z 43 
251.100988 i 0 C GET p _o63:2 s 2 z 43 
251.303774 i 0 C RCV p _o63:1 s 2 l 0.20278607999989617 z 5000 
251.407336 i 0 C RCV p _o63:2 s 2 l 0.30634767999993073 z 5000 
251.407336 i 0 C RCV p _o63:0 s 2 l 0.40733591999992314 z 5000 
261 i 0 C GET p _o63:0 s 2 z 43 
261.100988 i 0 C GET p _o63:1 s 2 z 43 
261.100988 i 0 C GET p _o63:2 s 2 z 43 
261.150175 i 2 S MOD p _o63:0 m 261.15017544 n 311.15017544 
261.303774 i 0 C RCV p _o63:1 s 2 l 0.20278608000012355 z 5000 
261.407336 i 0 C RCV p _o63:2 s 2 l 0.30634768000010126 z 5000 
261.407336 i 0 C RCV p _o63:0 s 2 l 0.40733592000009367 z 5000 
271 i 0 C GET p _o63:0 s 2 z 43 
271.100988 i 0 C GET p _o63:1 s 2 z 43 
271.100988 i 0 C GET p _o63:2 s 2 z 43 
271.303774 i 0 C RCV p _o63:1 s 2 l 0.20278608000012355 z 5000 
271.407336 i 0 C RCV p _o63:2 s 2 l 0.30634768000010126 z 5000 
271.407336 i 0 C RCV p _o63:0 s 2 l 0.40733592000009367 z 5000 
281 i 0 C GET p _o63:0 s 2 z 43 
281.100988 i 0 C GET p _o63:1 s 2 z 43 
281.100988 i 0 C GET p _o63:2 s 2 z 43 
281.303774 i 0 C RCV p _o63:1 s 2 l 0.20278608000012355 z 5000 
281.407336 i 0 C RCV p _o63:2 s 2 l 0.30634768000010126 z 5000 
281.407336 i 0 C RCV p _o63:0 s 2 l 0.40733592000009367 z 5000 
291 i 0 C GET p _o63:0 s 2 z 43 
291.100988 i 0 C GET p _o63:1 s 2 z 43 
291.100988 i 0 C GET p _o63:2 s 2 z 43 
291.303774 i 0 C RCV p _o63:1 s 2 l 0.20278608000012355 z 5000 
291.407336 i 0 C RCV p _o63:2 s 2 l 0.30634768000010126 z 5000 
291.407336 i 0 C RCV p _o63:0 s 2 l 0.40733592000009367 z 5000 
301 i 0 C GET p _o63:0 s 2 z 43 
301.100988 i 0 C GET p _o63:1 s 2 z 43 
301.100988 i 0 C GET p _o63:2 s 2 z 43 
301.303774 i 0 C RCV p _o63:1 s 2 l 0.20278608000012355 z 5000 
301.407336 i 0 C RCV p _o63:2 s 2 l 0.30634768000010126 z 5000 
301.407336 i 0 C RCV p _o63:0 s 2 l 0.40733592000009367 z 5000 
311 i 2 S MOD p _o63:1 m 311 n 411 
311 i 2 S MOD p _o63:2 m 311 n 411 
311 i 0 C GET p _o63:0 s 2 z 43 
311.100988 i 0 C GET p _o63:1 s 2 z 43 
311.100988 i 0 C GET p _o63:2 s 2 z 43 
311.150175 i 2 S MOD p _o63:0 m 311.15017544 n 361.15017544 
311.303774 i 0 C RCV p _o63:1 s 2 l 0.20278608000012355 z 5000 
311.407336 i 0 C RCV p _o63:2 s 2 l 0.30634768000010126 z 5000 
311.407336 i 0 C RCV p _o63:0 s 2 l 0.40733592000009367 z 5000 
321 i 0 C GET p _o63:0 s 2 z 43 
321.100988 i 0 C GET p _o63:1 s 2 z 43 
321.100988 i 0 C GET p _o63:2 s 2 z 43 
321.303774 i 0 C RCV p _o63:1 s 2 l 0.20278608000012355 z 5000 
321.407336 i 0 C RCV p _o63:2 s 2 l 0.30634768000010126 z 5000 
321.407336 i 0 C RCV p _o63:0 s 2 l 0.40733592000009367 z 5000 
331 i 0 C GET p _o63:0 s 2 z 43 
331.100988 i 0 C GET p _o63:1 s 2 z 43 
331.100988 i 0 C GET p _o63:2 s 2 z 43 
331.303774 i 0 C RCV p _o63:1 s 2 l 0.20278608000012355 z 5000 
331.407336 i 0 C RCV p _o63:2 s 2 l 0.30634768000010126 z 5000 
331.407336 i 0 C RCV p _o63:0 s 2 l 0.40733592000009367 z 5000 
341 i 0 C GET p _o63:0 s 2 z 43 
341.100988 i 0 C GET p _o63:1 s 2 z 43 
341.100988 i 0 C GET p _o63:2 s 2 z 43 
341.303774 i 0 C RCV p _o63:1 s 2 l 0.20278608000012355 z 5000 
341.407336 i 0 C RCV p _o63:2 s 2 l 0.30634768000010126 z 5000 
341.407336 i 0 C RCV p _o63:0 s 2 l 0.40733592000009367 z 5000 
351 i 0 C GET p _o63:0 s 2 z 43 
351.100988 i 0 C GET p _o63:1 s 2 z 43 
351.100988 i 0 C GET p _o63:2 s 2 z 43 
351.303774 i 0 C RCV p _o63:1 s 2 l 0.20278608000012355 z 5000 
351.407336 i 0 C RCV p _o63:2 s 2 l 0.30634768000010126 z 5000 
351.407336 i 0 C RCV p _o63:0 s 2 l 0.40733592000009367 z 5000 
361 i 0 C GET p _o63:0 s 2 z 43 
361.100988 i 0 C GET p _o63:1 s 2 z 43 
361.100988 i 0 C GET p _o63:2 s 2 z 43 
361.150175 i 2 S MOD p _o63:0 m 361.15017544 n 411.15017544 
361.303774 i 0 C RCV p _o63:1 s 2 l 0.20278608000012355 z 5000 
361.407336 i 0 C RCV p _o63:2 s 2 l 0.30634768000010126 z 5000 
361.407336 i 0 C RCV p _o63:0 s 2 l 0.40733592000009367 z 5000 
371 i 0 C GET p _o63:0 s 2 z 43 
371.100988 i 0 C GET p _o63:1 s 2 z 43 
371.100988 i 0 C GET p _o63:2 s 2 z 43 
371.303774 i 0 C RCV p _o63:1 s 2 l 0.20278608000012355 z 5000 
371.407336 i 0 C RCV p _o63:2 s 2 l 0.30634768000010126 z 5000 
371.407336 i 0 C RCV p _o63:0 s 2 l 0.40733592000009367 z 5000 
381 i 0 C GET p _o63:0 s 2 z 43 
381.100988 i 0 C GET p _o63:1 s 2 z 43 
381.100988 i 0 C GET p _o63:2 s 2 z 43 
381.303774 i 0 C RCV p _o63:1 s 2 l 0.20278608000012355 z 5000 
381.407336 i 0 C RCV p _o63:2 s 2 l 0.30634768000010126 z 5000 
381.407336 i 0 C RCV p _o63:0 s 2 l 0.40733592000009367 z 5000 
391 i 0 C GET p _o63:0 s 2 z 43 
391.100988 i 0 C GET p _o63:1 s 2 z 43 
391.100988 i 0 C GET p _o63:2 s 2 z 43 
391.303774 i 0 C RCV p _o63:1 s 2 l 0.20278608000012355 z 5000 
391.407336 i 0 C RCV p _o63:2 s 2 l 0.30634768000010126 z 5000 
391.407336 i 0 C RCV p _o63:0 s 2 l 0.40733592000009367 z 5000 
401 i 0 C GET p _o63:0 s 2 z 43 
401.100988 i 0 C GET p _o63:1 s 2 z 43 
401.100988 i 0 C GET p _o63:2 s 2 z 43 
401.303774 i 0 C RCV p _o63:1 s 2 l 0.20278608000012355 z 5000 
401.407336 i 0 C RCV p _o63:2 s 2 l 0.30634768000010126 z 5000 
401.407336 i 0 C RCV p _o63:0 s 2 l 0.40733592000009367 z 5000 
411 i 2 S MOD p _o63:1 m 411 n 511 
411 i 2 S MOD p _o63:2 m 411 n 511 
411 i 0 C GET p _o63:0 s 2 z 43 
411.100988 i 0 C GET p _o63:1 s 2 z 43 
411.100988 i 0 C GET p _o63:2 s 2 z 43 
411.150175 i 2 S MOD p _o63:0 m 411.15017544 n 461.15017544 
411.303774 i 0 C RCV p _o63:1 s 2 l 0.20278608000012355 z 5000 
411.407336 i 0 C RCV p _o63:2 s 2 l 0.30634768000010126 z 5000 
411.407336 i 0 C RCV p _o63:0 s 2 l 0.40733592000009367 z 5000 
421 i 0 C GET p _o63:0 s 2 z 43 
421.100988 i 0 C GET p _o63:1 s 2 z 43 
421.100988 i 0 C GET p _o63:2 s 2 z 43 
421.303774 i 0 C RCV p _o63:1 s 2 l 0.20278608000012355 z 5000 
421.407336 i 0 C RCV p _o63:2 s 2 l 0.30634768000010126 z 5000 
421.407336 i 0 C RCV p _o63:0 s 2 l 0.40733592000009367 z 5000 
431 i 0 C GET p _o63:0 s 2 z 43 
431.100988 i 0 C GET p _o63:1 s 2 z 43 
431.100988 i 0 C GET p _o63:2 s 2 z 43 
431.303774 i 0 C RCV p _o63:1 s 2 l 0.20278608000012355 z 5000 
431.407336 i 0 C RCV p _o63:2 s 2 l 0.30634768000010126 z 5000 
431.407336 i 0 C RCV p _o63:0 s 2 l 0.40733592000009367 z 5000 
441 i 0 C GET p _o63:0 s 2 z 43 
441.100988 i 0 C GET p _o63:1 s 2 z 43 
441.100988 i 0 C GET p _o63:2 s 2 z 43 
441.303774 i 0 C RCV p _o63:1 s 2 l 0.20278608000012355 z 5000 
441.407336 i 0 C RCV p _o63:2 s 2 l 0.30634768000010126 z 5000 
441.407336 i 0 C RCV p _o63:0 s 2 l 0.40733592000009367 z 5000 
451 i 0 C GET p _o63:0 s 2 z 43 
451.100988 i 0 C GET p _o63:1 s 2 z 43 
451.100988 i 0 C GET p _o63:2 s 2 z 43 
451.303774 i 0 C RCV p _o63:1 s 2 l 0.20278608000012355 z 5000 
451.407336 i 0 C RCV p _o63:2 s 2 l 0.30634768000010126 z 5000 
451.407336 i 0 C RCV p _o63:0 s 2 l 0.40733592000009367 z 5000 
461 i 0 C GET p _o63:0 s 2 z 43 
461.100988 i 0 C GET p _o63:1 s 2 z 43 
461.100988 i 0 C GET p _o63:2 s 2 z 43 
461.150175 i 2 S MOD p _o63:0 m 461.15017544 n 511.15017544 
461.303774 i 0 C RCV p _o63:1 s 2 l 0.20278608000012355 z 5000 
461.407336 i 0 C RCV p _o63:2 s 2 l 0.30634768000010126 z 5000 
461.407336 i 0 C RCV p _o63:0 s 2 l 0.40733592000009367 z 5000 
471 i 0 C GET p _o63:0 s 2 z 43 
471.100988 i 0 C GET p _o63:1 s 2 z 43 
471.100988 i 0 C GET p _o63:2 s 2 z 43 
471.303774 i 0 C RCV p _o63:1 s 2 l 0.20278608000012355 z 5000 
471.407336 i 0 C RCV p _o63:2 s 2 l 0.30634768000010126 z 5000 
471.407336 i 0 C RCV p _o63:0 s 2 l 0.40733592000009367 z 5000 
481 i 0 C GET p _o63:0 s 2 z 43 
481.100988 i 0 C GET p _o63:1 s 2 z 43 
481.100988 i 0 C GET p _o63:2 s 2 z 43 
481.303774 i 0 C RCV p _o63:1 s 2 l 0.20278608000012355 z 5000 
481.407336 i 0 C RCV p _o63:2 s 2 l 0.30634768000010126 z 5000 
481.407336 i 0 C RCV p _o63:0 s 2 l 0.40733592000009367 z 5000 
491 i 0 C GET p _o63:0 s 2 z 43 
491.100988 i 0 C GET p _o63:1 s 2 z 43 
491.100988 i 0 C GET p _o63:2 s 2 z 43 
491.303774 i 0 C RCV p _o63:1 s 2 l 0.20278608000012355 z 5000 
491.407336 i 0 C RCV p _o63:2 s 2 l 0.30634768000010126 z 5000 
491.407336 i 0 C RCV p _o63:0 s 2 l 0.40733592000009367 z 5000 
