15.49866 i 0 C GET p _o47:0 s 1 z 43 
15.504822 i 1 E MISS p _o47:0 c 0 s 2 z 43 
15.655905 i 2 S MOD p _o47:0 m 15.655905066666666 n 20.923033463413407 
15.812006 i 1 E ENT p _o47:0 m 15.655905066666666 z 1024 s 2 
15.812006 i 1 E SND c 0 p _o47:0 z 1024 
15.818922 i 0 C RCV p _o47:0 s 1 l 0.32026160000000026 z 1024 
18.17663 i 0 C GET p _o47:0 s 1 z 43 
18.182792 i 1 E HIT p _o47:0 c 0 s 2 
18.182792 i 1 E SND c 0 p _o47:0 z 1024 
18.189708 i 0 C RCV p _o47:0 s 1 l 0.013077600000002576 z 1024 
20.923033 i 2 S MOD p _o47:0 m 20.923033463413407 n 24.205675067342188 
24.205675 i 2 S MOD p _o47:0 m 24.205675067342188 n 28.022279493626815 
28.022279 i 2 S MOD p _o47:0 m 28.022279493626815 n 29.860909604626926 
29.86091 i 2 S MOD p _o47:0 m 29.860909604626926 n 30.603019401152537 
30.603019 i 2 S MOD p _o47:0 m 30.603019401152537 n 31.475826904253513 
31.475827 i 2 S MOD p _o47:0 m 31.475826904253513 n 39.11144370088094 
36.07281 i 0 C GET p _o47:0 s 1 z 43 
36.074876 i 1 E HIT p _o47:0 c 0 s 2 
36.074876 i 1 E SND c 0 p _o47:0 z 1024 
36.081792 i 0 C STA p _o47:0 s 2 l 15.158758136586595 
36.081792 i 0 C RCV p _o47:0 s 1 l 0.0089815999999984797 z 1024 
39.111444 i 2 S MOD p _o47:0 m 39.11144370088094 n 39.917533452463594 
39.1285 i 0 C GET p _o47:0 s 1 z 43 
39.130566 i 1 E HIT p _o47:0 c 0 s 2 
39.130566 i 1 E SND c 0 p _o47:0 z 1024 
39.137482 i 0 C STA p _o47:0 s 2 l 18.214448136586594 
39.137482 i 0 C RCV p _o47:0 s 1 l 0.0089815999999984797 z 1024 
39.917533 i 2 S MOD p _o47:0 m 39.917533452463594 n 41.27505569412336 
41.275056 i 2 S MOD p _o47:0 m 41.27505569412336 n 41.774458655584105 
41.774459 i 2 S MOD p _o47:0 m 41.774458655584105 n 46.287395458044671 
43.024187 i 0 C GET p _o47:0 s 1 z 43 
43.026253 i 1 E HIT p _o47:0 c 0 s 2 
43.026253 i 1 E SND c 0 p _o47:0 z 1024 
43.033169 i 0 C STA p _o47:0 s 2 l 22.110135136586596 
43.033169 i 0 C RCV p _o47:0 s 1 l 0.0089815999999984797 z 1024 
46.287395 i 2 S MOD p _o47:0 m 46.287395458044671 n 50.816529705265843 
