3.574158 i 3 C GET p _o108:0 s 1 z 43 
3.589667 i 1 E MISS p _o108:0 c 3 s 2 z 43 
3.595699 i 2 S MOD p _o108:0 m 3.5956992799999998 n 4.0418806708460551 
3.614478 i 1 E ENT p _o108:0 m 3.5956992799999998 z 10240 s 2 
3.614478 i 1 E SND c 3 p _o108:0 z 10240 
3.805306 i 3 C RCV p _o108:0 s 1 l 0.23114831999999863 z 10240 
4.041881 i 2 S MOD p _o108:0 m 4.0418806708460551 n 6.2151209476222125 
5.381161 i 3 C GET p _o108:0 s 1 z 43 
5.386622 i 1 E HIT p _o108:0 c 3 s 2 
5.386622 i 1 E SND c 3 p _o108:0 z 10240 
5.577451 i 3 C STA p _o108:0 s 2 l 1.53556992915395 
5.577451 i 3 C RCV p _o108:0 s 1 l 0.19628960000000539 z 10240 
6.215121 i 2 S MOD p _o108:0 m 6.2151209476222125 n 7.9592037076113309 
6.391132 i 3 C GET p _o108:0 s 1 z 43 
6.396593 i 1 E HIT p _o108:0 c 3 s 2 
6.396593 i 1 E SND c 3 p _o108:0 z 10240 
6.587422 i 3 C STA p _o108:0 s 2 l 2.5455412291539492 
6.587422 i 3 C RCV p _o108:0 s 1 l 0.19628960000000539 z 10240 
7.959204 i 2 S MOD p _o108:0 m 7.9592037076113309 n 8.1735999364844041 
8.1736 i 2 S MOD p _o108:0 m 8.1735999364844041 n 9.2270256158337531 
8.754116 i 3 C GET p _o108:0 s 1 z 43 
8.759577 i 1 E HIT p _o108:0 c 3 s 2 
8.759577 i 1 E SND c 3 p _o108:0 z 10240 
8.950406 i 3 C STA p _o108:0 s 2 l 4.9085252291539501 
8.950406 i 3 C RCV p _o108:0 s 1 l 0.19628960000000539 z 10240 
9.227026 i 2 S MOD p _o108:0 m 9.2270256158337531 n 10.121834552433681 
10.108571 i 3 C GET p _o108:0 s 1 z 43 
10.114032 i 1 E HIT p _o108:0 c 3 s 2 
10.114032 i 1 E SND c 3 p _o108:0 z 10240 
10.121835 i 2 S MOD p _o108:0 m 10.121834552433681 n 10.885155437690607 
10.304861 i 3 C STA p _o108:0 s 2 l 6.2629802291539498 
10.304861 i 3 C RCV p _o108:0 s 1 l 0.19628960000000539 z 10240 
10.7651 i 3 C GET p _o108:0 s 1 z 43 
10.77056 i 1 E HIT p _o108:0 c 3 s 2 
10.77056 i 1 E SND c 3 p _o108:0 z 10240 
10.885155 i 2 S MOD p _o108:0 m 10.885155437690607 n 11.033577396995728 
10.961389 i 3 C STA p _o108:0 s 2 l 6.9195085291539495 
10.961389 i 3 C RCV p _o108:0 s 1 l 0.19628960000000539 z 10240 
11.033577 i 2 S MOD p _o108:0 m 11.033577396995728 n 11.208138897615923 
11.132826 i 3 C GET p _o108:0 s 1 z 43 
11.138286 i 1 E HIT p _o108:0 c 3 s 2 
11.138286 i 1 E SND c 3 p _o108:0 z 10240 
11.208139 i 2 S MOD p _o108:0 m 11.208138897615923 n 12.630161465357078 
11.329115 i 3 C STA p _o108:0 s 2 l 7.2872345291539489 
11.329115 i 3 C RCV p _o108:0 s 1 l 0.19628960000000539 z 10240 
12.630161 i 2 S MOD p _o108:0 m 12.630161465357078 n 12.791379415673608 
12.659949 i 3 C GET p _o108:0 s 1 z 43 
12.665409 i 1 E HIT p _o108:0 c 3 s 2 
12.665409 i 1 E SND c 3 p _o108:0 z 10240 
12.791379 i 2 S MOD p _o108:0 m 12.791379415673608 n 13.062883864005562 
12.856238 i 3 C STA p _o108:0 s 2 l 8.8143575291539484 
12.856238 i 3 C RCV p _o108:0 s 1 l 0.19628960000000539 z 10240 
13.049517 i 3 C GET p _o108:0 s 1 z 43 
13.054978 i 1 E HIT p _o108:0 c 3 s 2 
13.054978 i 1 E SND c 3 p _o108:0 z 10240 
13.062884 i 2 S MOD p _o108:0 m 13.062883864005562 n 13.965471224497675 
13.245807 i 3 C STA p _o108:0 s 2 l 9.2039262291539483 
13.245807 i 3 C RCV p _o108:0 s 1 l 0.19628960000000539 z 10240 
13.965471 i 2 S MOD p _o108:0 m 13.965471224497675 n 14.871298073941908 
14.871298 i 2 S MOD p _o108:0 m 14.871298073941908 n 16.545993476267665 
15.363986 i 3 C GET p _o108:0 s 1 z 43 
15.369447 i 1 E HIT p _o108:0 c 3 s 2 
15.369447 i 1 E SND c 3 p _o108:0 z 10240 
15.560275 i 3 C STA p _o108:0 s 2 l 11.518394819153949 
15.560275 i 3 C RCV p _o108:0 s 1 l 0.19628960000000539 z 10240 
15.65365 i 3 C GET p _o108:0 s 1 z 43 
15.65911 i 1 E HIT p _o108:0 c 3 s 2 
15.65911 i 1 E SND c 3 p _o108:0 z 10240 
15.84953 i 3 C STA p _o108:0 s 2 l 11.807648889153949 
15.84953 i 3 C RCV p _o108:0 s 1 l 0.19588000000000605 z 10240 
16.545993 i 2 S MOD p _o108:0 m 16.545993476267665 n 19.386387874850708 
17.842627 i 3 C GET p _o108:0 s 1 z 43 
17.848087 i 1 E HIT p _o108:0 c 3 s 2 
17.848087 i 1 E SND c 3 p _o108:0 z 10240 
18.038916 i 3 C STA p _o108:0 s 2 l 13.997035489153923 
18.038916 i 3 C RCV p _o108:0 s 1 l 0.19628959999997875 z 10240 
19.386388 i 2 S MOD p _o108:0 m 19.386387874850708 n 19.905535719453919 
19.905536 i 2 S MOD p _o108:0 m 19.905535719453919 n 20.997184037747047 
20.997184 i 2 S MOD p _o108:0 m 20.997184037747047 n 23.091913885662294 
22.370064 i 3 C GET p _o108:0 s 1 z 43 
22.375524 i 1 E HIT p _o108:0 c 3 s 2 
22.375524 i 1 E SND c 3 p _o108:0 z 10240 
22.566353 i 3 C STA p _o108:0 s 2 l 18.524472489153922 
22.566353 i 3 C RCV p _o108:0 s 1 l 0.19628959999997875 z 10240 
22.772597 i 3 C GET p _o108:0 s 1 z 43 
22.778058 i 1 E HIT p _o108:0 c 3 s 2 
22.778058 i 1 E SND c 3 p _o108:0 z 10240 
22.968887 i 3 C STA p _o108:0 s 2 l 18.927006089153924 
22.968887 i 3 C RCV p _o108:0 s 1 l 0.19628959999997875 z 10240 
23.091914 i 2 S MOD p _o108:0 m 23.091913885662294 n 23.450486018869341 
23.450486 i 2 S MOD p _o108:0 m 23.450486018869341 n 24.057782222646335 
24.057782 i 2 S MOD p _o108:0 m 24.057782222646335 n 24.189423204987957 
24.131301 i 3 C GET p _o108:0 s 1 z 43 
24.136762 i 1 E HIT p _o108:0 c 3 s 2 
24.136762 i 1 E SND c 3 p _o108:0 z 10240 
24.189423 i 2 S MOD p _o108:0 m 24.189423204987957 n 24.778499288448835 
24.327591 i 3 C STA p _o108:0 s 2 l 20.285710089153923 
24.327591 i 3 C RCV p _o108:0 s 1 l 0.19628959999997875 z 10240 
24.778499 i 2 S MOD p _o108:0 m 24.778499288448835 n 25.632549579277249 
25.471383 i 3 C GET p _o108:0 s 1 z 43 
25.476844 i 1 E HIT p _o108:0 c 3 s 2 
25.476844 i 1 E SND c 3 p _o108:0 z 10240 
25.63255 i 2 S MOD p _o108:0 m 25.632549579277249 n 26.749375740362897 
25.667673 i 3 C STA p _o108:0 s 2 l 21.625792089153922 
25.667673 i 3 C RCV p _o108:0 s 1 l 0.19628959999997875 z 10240 
26.749376 i 2 S MOD p _o108:0 m 26.749375740362897 n 28.430233108146357 
28.430233 i 2 S MOD p _o108:0 m 28.430233108146357 n 28.672321099340834 
28.672321 i 2 S MOD p _o108:0 m 28.672321099340834 n 28.726971401969909 
28.726971 i 2 S MOD p _o108:0 m 28.726971401969909 n 28.98484132288112 
28.984841 i 2 S MOD p _o108:0 m 28.98484132288112 n 30.561163521670476 
29.062865 i 3 C GET p _o108:0 s 1 z 43 
29.068326 i 1 E HIT p _o108:0 c 3 s 2 
29.068326 i 1 E SND c 3 p _o108:0 z 10240 
29.259155 i 3 C STA p _o108:0 s 2 l 25.217274089153921 
29.259155 i 3 C RCV p _o108:0 s 1 l 0.19628959999997875 z 10240 
29.426799 i 3 C GET p _o108:0 s 1 z 43 
29.43226 i 1 E HIT p _o108:0 c 3 s 2 
29.43226 i 1 E SND c 3 p _o108:0 z 10240 
29.623088 i 3 C STA p _o108:0 s 2 l 25.581207789153922 
29.623088 i 3 C RCV p _o108:0 s 1 l 0.19628959999997875 z 10240 
